# JRE version: OpenJDK Runtime Environment (8.0_152-b01) (build 1.8.0_152-release-1024-b01)
# Java VM: OpenJDK 64-Bit Server VM (25.152-b01 mixed mode linux-amd64 compressed oops)
Heap:
 PSYoungGen      total 228352K, used 13801K [0x00000000e0000000, 0x00000000eec80000, 0x0000000100000000)
  eden space 214528K, 0% used [0x00000000e0000000,0x00000000e0000000,0x00000000ed180000)
  from space 13824K, 99% used [0x00000000ed180000,0x00000000edefa428,0x00000000edf00000)
  to   space 9728K, 0% used [0x00000000ee300000,0x00000000ee300000,0x00000000eec80000)
 ParOldGen       total 83968K, used 24060K [0x00000000a0000000, 0x00000000a5200000, 0x00000000e0000000)
  object space 83968K, 28% used [0x00000000a0000000,0x00000000a177f180,0x00000000a5200000)
 Metaspace       used 47694K, capacity 48622K, committed 48768K, reserved 1091584K
  class space    used 6453K, capacity 6768K, committed 6784K, reserved 1048576K
GC Heap History (10 events):
Event: 6.186 GC heap after
Heap after GC invocations=4 (full 0):
 PSYoungGen      total 132096K, used 5108K [0x00000000e0000000, 0x00000000e8600000, 0x0000000100000000)
  eden space 126976K, 0% used [0x00000000e0000000,0x00000000e0000000,0x00000000e7c00000)
  from space 5120K, 99% used [0x00000000e8100000,0x00000000e85fd070,0x00000000e8600000)
  to   space 5120K, 0% used [0x00000000e7c00000,0x00000000e7c00000,0x00000000e8100000)
 ParOldGen       total 84992K, used 8946K [0x00000000a0000000, 0x00000000a5300000, 0x00000000e0000000)
  object space 84992K, 10% used [0x00000000a0000000,0x00000000a08bc818,0x00000000a5300000)
 Metaspace       used 20693K, capacity 21072K, committed 21248K, reserved 1067008K
  class space    used 2911K, capacity 3038K, committed 3072K, reserved 1048576K
}
Event: 6.187 GC heap before
{Heap before GC invocations=5 (full 1):
 PSYoungGen      total 132096K, used 5108K [0x00000000e0000000, 0x00000000e8600000, 0x0000000100000000)
  eden space 126976K, 0% used [0x00000000e0000000,0x00000000e0000000,0x00000000e7c00000)
  from space 5120K, 99% used [0x00000000e8100000,0x00000000e85fd070,0x00000000e8600000)
  to   space 5120K, 0% used [0x00000000e7c00000,0x00000000e7c00000,0x00000000e8100000)
 ParOldGen       total 84992K, used 8946K [0x00000000a0000000, 0x00000000a5300000, 0x00000000e0000000)
  object space 84992K, 10% used [0x00000000a0000000,0x00000000a08bc818,0x00000000a5300000)
 Metaspace       used 20693K, capacity 21072K, committed 21248K, reserved 1067008K
  class space    used 2911K, capacity 3038K, committed 3072K, reserved 1048576K
Event: 6.220 GC heap after
Heap after GC invocations=5 (full 1):
 PSYoungGen      total 132096K, used 0K [0x00000000e0000000, 0x00000000e8600000, 0x0000000100000000)
  eden space 126976K, 0% used [0x00000000e0000000,0x00000000e0000000,0x00000000e7c00000)
  from space 5120K, 0% used [0x00000000e8100000,0x00000000e8100000,0x00000000e8600000)
  to   space 5120K, 0% used [0x00000000e7c00000,0x00000000e7c00000,0x00000000e8100000)
 ParOldGen       total 55296K, used 8606K [0x00000000a0000000, 0x00000000a3600000, 0x00000000e0000000)
  object space 55296K, 15% used [0x00000000a0000000,0x00000000a0867b20,0x00000000a3600000)
 Metaspace       used 20693K, capacity 21072K, committed 21248K, reserved 1067008K
  class space    used 2911K, capacity 3038K, committed 3072K, reserved 1048576K
}
Event: 8.110 GC heap before
{Heap before GC invocations=6 (full 1):
 PSYoungGen      total 132096K, used 126976K [0x00000000e0000000, 0x00000000e8600000, 0x0000000100000000)
  eden space 126976K, 100% used [0x00000000e0000000,0x00000000e7c00000,0x00000000e7c00000)
  from space 5120K, 0% used [0x00000000e8100000,0x00000000e8100000,0x00000000e8600000)
  to   space 5120K, 0% used [0x00000000e7c00000,0x00000000e7c00000,0x00000000e8100000)
 ParOldGen       total 55296K, used 8606K [0x00000000a0000000, 0x00000000a3600000, 0x00000000e0000000)
  object space 55296K, 15% used [0x00000000a0000000,0x00000000a0867b20,0x00000000a3600000)
 Metaspace       used 29458K, capacity 29980K, committed 30208K, reserved 1075200K
  class space    used 4133K, capacity 4313K, committed 4352K, reserved 1048576K
Event: 8.134 GC heap after
Heap after GC invocations=6 (full 1):
 PSYoungGen      total 132096K, used 5095K [0x00000000e0000000, 0x00000000ef080000, 0x0000000100000000)
  eden space 126976K, 0% used [0x00000000e0000000,0x00000000e0000000,0x00000000e7c00000)
  from space 5120K, 99% used [0x00000000e7c00000,0x00000000e80f9e60,0x00000000e8100000)
  to   space 13824K, 0% used [0x00000000ee300000,0x00000000ee300000,0x00000000ef080000)
 ParOldGen       total 55296K, used 15201K [0x00000000a0000000, 0x00000000a3600000, 0x00000000e0000000)
  object space 55296K, 27% used [0x00000000a0000000,0x00000000a0ed8750,0x00000000a3600000)
 Metaspace       used 29458K, capacity 29980K, committed 30208K, reserved 1075200K
  class space    used 4133K, capacity 4313K, committed 4352K, reserved 1048576K
}
Event: 10.558 GC heap before
{Heap before GC invocations=7 (full 1):
 PSYoungGen      total 132096K, used 41174K [0x00000000e0000000, 0x00000000ef080000, 0x0000000100000000)
  eden space 126976K, 28% used [0x00000000e0000000,0x00000000e233bd28,0x00000000e7c00000)
  from space 5120K, 99% used [0x00000000e7c00000,0x00000000e80f9e60,0x00000000e8100000)
  to   space 13824K, 0% used [0x00000000ee300000,0x00000000ee300000,0x00000000ef080000)
 ParOldGen       total 55296K, used 15201K [0x00000000a0000000, 0x00000000a3600000, 0x00000000e0000000)
  object space 55296K, 27% used [0x00000000a0000000,0x00000000a0ed8750,0x00000000a3600000)
 Metaspace       used 34683K, capacity 35264K, committed 35416K, reserved 1079296K
  class space    used 4814K, capacity 5056K, committed 5120K, reserved 1048576K
Event: 10.573 GC heap after
Heap after GC invocations=7 (full 1):
 PSYoungGen      total 224256K, used 9675K [0x00000000e0000000, 0x00000000eec80000, 0x0000000100000000)
  eden space 214528K, 0% used [0x00000000e0000000,0x00000000e0000000,0x00000000ed180000)
  from space 9728K, 99% used [0x00000000ee300000,0x00000000eec72f70,0x00000000eec80000)
  to   space 13824K, 0% used [0x00000000ed180000,0x00000000ed180000,0x00000000edf00000)
 ParOldGen       total 55296K, used 15209K [0x00000000a0000000, 0x00000000a3600000, 0x00000000e0000000)
  object space 55296K, 27% used [0x00000000a0000000,0x00000000a0eda750,0x00000000a3600000)
 Metaspace       used 34683K, capacity 35264K, committed 35416K, reserved 1079296K
  class space    used 4814K, capacity 5056K, committed 5120K, reserved 1048576K
}
Event: 10.574 GC heap before
{Heap before GC invocations=8 (full 2):
 PSYoungGen      total 224256K, used 9675K [0x00000000e0000000, 0x00000000eec80000, 0x0000000100000000)
  eden space 214528K, 0% used [0x00000000e0000000,0x00000000e0000000,0x00000000ed180000)
  from space 9728K, 99% used [0x00000000ee300000,0x00000000eec72f70,0x00000000eec80000)
  to   space 13824K, 0% used [0x00000000ed180000,0x00000000ed180000,0x00000000edf00000)
 ParOldGen       total 55296K, used 15209K [0x00000000a0000000, 0x00000000a3600000, 0x00000000e0000000)
  object space 55296K, 27% used [0x00000000a0000000,0x00000000a0eda750,0x00000000a3600000)
 Metaspace       used 34683K, capacity 35264K, committed 35416K, reserved 1079296K
  class space    used 4814K, capacity 5056K, committed 5120K, reserved 1048576K
Event: 10.638 GC heap after
Heap after GC invocations=8 (full 2):
 PSYoungGen      total 224256K, used 0K [0x00000000e0000000, 0x00000000eec80000, 0x0000000100000000)
  eden space 214528K, 0% used [0x00000000e0000000,0x00000000e0000000,0x00000000ed180000)
  from space 9728K, 0% used [0x00000000ee300000,0x00000000ee300000,0x00000000eec80000)
  to   space 13824K, 0% used [0x00000000ed180000,0x00000000ed180000,0x00000000edf00000)
 ParOldGen       total 83968K, used 16241K [0x00000000a0000000, 0x00000000a5200000, 0x00000000e0000000)
  object space 83968K, 19% used [0x00000000a0000000,0x00000000a0fdc478,0x00000000a5200000)
 Metaspace       used 34683K, capacity 35264K, committed 35416K, reserved 1079296K
  class space    used 4814K, capacity 5056K, committed 5120K, reserved 1048576K
}
Event: 14.522 GC heap before
{Heap before GC invocations=9 (full 2):
 PSYoungGen      total 224256K, used 214528K [0x00000000e0000000, 0x00000000eec80000, 0x0000000100000000)
  eden space 214528K, 100% used [0x00000000e0000000,0x00000000ed180000,0x00000000ed180000)
  from space 9728K, 0% used [0x00000000ee300000,0x00000000ee300000,0x00000000eec80000)
  to   space 13824K, 0% used [0x00000000ed180000,0x00000000ed180000,0x00000000edf00000)
 ParOldGen       total 83968K, used 16241K [0x00000000a0000000, 0x00000000a5200000, 0x00000000e0000000)
  object space 83968K, 19% used [0x00000000a0000000,0x00000000a0fdc478,0x00000000a5200000)
 Metaspace       used 47694K, capacity 48622K, committed 48768K, reserved 1091584K
  class space    used 6453K, capacity 6768K, committed 6784K, reserved 1048576K

