# JRE version: OpenJDK Runtime Environment (8.0_152-b01) (build 1.8.0_152-release-1248-b01)
# Java VM: OpenJDK 64-Bit Server VM (25.152-b01 mixed mode linux-amd64 compressed oops)
Heap:
 PSYoungGen      total 405504K, used 15222K [0x00000000e0000000, 0x0000000100000000, 0x0000000100000000)
  eden space 353280K, 0% used [0x00000000e0000000,0x00000000e0000000,0x00000000f5900000)
  from space 52224K, 29% used [0x00000000fcd00000,0x00000000fdbdd800,0x0000000100000000)
  to   space 85504K, 0% used [0x00000000f5900000,0x00000000f5900000,0x00000000fac80000)
 ParOldGen       total 137728K, used 137706K [0x00000000a0000000, 0x00000000a8680000, 0x00000000e0000000)
  object space 137728K, 99% used [0x00000000a0000000,0x00000000a867a8b8,0x00000000a8680000)
 Metaspace       used 72606K, capacity 75322K, committed 75904K, reserved 1114112K
  class space    used 9599K, capacity 10206K, committed 10368K, reserved 1048576K
GC Heap History (10 events):
Event: 7.310 GC heap after
Heap after GC invocations=11 (full 3):
 PSYoungGen      total 324096K, used 0K [0x00000000e0000000, 0x00000000f6580000, 0x0000000100000000)
  eden space 305152K, 0% used [0x00000000e0000000,0x00000000e0000000,0x00000000f2a00000)
  from space 18944K, 0% used [0x00000000f4400000,0x00000000f4400000,0x00000000f5680000)
  to   space 26624K, 0% used [0x00000000f2a00000,0x00000000f2a00000,0x00000000f4400000)
 ParOldGen       total 137728K, used 42178K [0x00000000a0000000, 0x00000000a8680000, 0x00000000e0000000)
  object space 137728K, 30% used [0x00000000a0000000,0x00000000a2930b48,0x00000000a8680000)
 Metaspace       used 57081K, capacity 58880K, committed 59028K, reserved 1099776K
  class space    used 7854K, capacity 8361K, committed 8448K, reserved 1048576K
}
Event: 17.815 GC heap before
{Heap before GC invocations=12 (full 3):
 PSYoungGen      total 324096K, used 305152K [0x00000000e0000000, 0x00000000f6580000, 0x0000000100000000)
  eden space 305152K, 100% used [0x00000000e0000000,0x00000000f2a00000,0x00000000f2a00000)
  from space 18944K, 0% used [0x00000000f4400000,0x00000000f4400000,0x00000000f5680000)
  to   space 26624K, 0% used [0x00000000f2a00000,0x00000000f2a00000,0x00000000f4400000)
 ParOldGen       total 137728K, used 42178K [0x00000000a0000000, 0x00000000a8680000, 0x00000000e0000000)
  object space 137728K, 30% used [0x00000000a0000000,0x00000000a2930b48,0x00000000a8680000)
 Metaspace       used 69161K, capacity 71606K, committed 71936K, reserved 1112064K
  class space    used 9297K, capacity 9906K, committed 9984K, reserved 1048576K
Event: 17.839 GC heap after
Heap after GC invocations=12 (full 3):
 PSYoungGen      total 331776K, used 26613K [0x00000000e0000000, 0x00000000fb100000, 0x0000000100000000)
  eden space 305152K, 0% used [0x00000000e0000000,0x00000000e0000000,0x00000000f2a00000)
  from space 26624K, 99% used [0x00000000f2a00000,0x00000000f43fd7c8,0x00000000f4400000)
  to   space 33280K, 0% used [0x00000000f9080000,0x00000000f9080000,0x00000000fb100000)
 ParOldGen       total 137728K, used 48710K [0x00000000a0000000, 0x00000000a8680000, 0x00000000e0000000)
  object space 137728K, 35% used [0x00000000a0000000,0x00000000a2f91910,0x00000000a8680000)
 Metaspace       used 69161K, capacity 71606K, committed 71936K, reserved 1112064K
  class space    used 9297K, capacity 9906K, committed 9984K, reserved 1048576K
}
Event: 18.907 GC heap before
{Heap before GC invocations=13 (full 3):
 PSYoungGen      total 331776K, used 331765K [0x00000000e0000000, 0x00000000fb100000, 0x0000000100000000)
  eden space 305152K, 100% used [0x00000000e0000000,0x00000000f2a00000,0x00000000f2a00000)
  from space 26624K, 99% used [0x00000000f2a00000,0x00000000f43fd7c8,0x00000000f4400000)
  to   space 33280K, 0% used [0x00000000f9080000,0x00000000f9080000,0x00000000fb100000)
 ParOldGen       total 137728K, used 48710K [0x00000000a0000000, 0x00000000a8680000, 0x00000000e0000000)
  object space 137728K, 35% used [0x00000000a0000000,0x00000000a2f91910,0x00000000a8680000)
 Metaspace       used 71653K, capacity 74402K, committed 74496K, reserved 1114112K
  class space    used 9529K, capacity 10150K, committed 10240K, reserved 1048576K
Event: 18.933 GC heap after
Heap after GC invocations=13 (full 3):
 PSYoungGen      total 404992K, used 32470K [0x00000000e0000000, 0x00000000fbf00000, 0x0000000100000000)
  eden space 371712K, 0% used [0x00000000e0000000,0x00000000e0000000,0x00000000f6b00000)
  from space 33280K, 97% used [0x00000000f9080000,0x00000000fb035a20,0x00000000fb100000)
  to   space 38400K, 0% used [0x00000000f6b00000,0x00000000f6b00000,0x00000000f9080000)
 ParOldGen       total 137728K, used 48718K [0x00000000a0000000, 0x00000000a8680000, 0x00000000e0000000)
  object space 137728K, 35% used [0x00000000a0000000,0x00000000a2f93910,0x00000000a8680000)
 Metaspace       used 71653K, capacity 74402K, committed 74496K, reserved 1114112K
  class space    used 9529K, capacity 10150K, committed 10240K, reserved 1048576K
}
Event: 20.799 GC heap before
{Heap before GC invocations=14 (full 3):
 PSYoungGen      total 404992K, used 404182K [0x00000000e0000000, 0x00000000fbf00000, 0x0000000100000000)
  eden space 371712K, 100% used [0x00000000e0000000,0x00000000f6b00000,0x00000000f6b00000)
  from space 33280K, 97% used [0x00000000f9080000,0x00000000fb035a20,0x00000000fb100000)
  to   space 38400K, 0% used [0x00000000f6b00000,0x00000000f6b00000,0x00000000f9080000)
 ParOldGen       total 137728K, used 48718K [0x00000000a0000000, 0x00000000a8680000, 0x00000000e0000000)
  object space 137728K, 35% used [0x00000000a0000000,0x00000000a2f93910,0x00000000a8680000)
 Metaspace       used 72486K, capacity 75360K, committed 75648K, reserved 1114112K
  class space    used 9610K, capacity 10243K, committed 10368K, reserved 1048576K
Event: 20.961 GC heap after
Heap after GC invocations=14 (full 3):
 PSYoungGen      total 410112K, used 38389K [0x00000000e0000000, 0x0000000100000000, 0x0000000100000000)
  eden space 371712K, 0% used [0x00000000e0000000,0x00000000e0000000,0x00000000f6b00000)
  from space 38400K, 99% used [0x00000000f6b00000,0x00000000f907d538,0x00000000f9080000)
  to   space 52224K, 0% used [0x00000000fcd00000,0x00000000fcd00000,0x0000000100000000)
 ParOldGen       total 137728K, used 69595K [0x00000000a0000000, 0x00000000a8680000, 0x00000000e0000000)
  object space 137728K, 50% used [0x00000000a0000000,0x00000000a43f6f40,0x00000000a8680000)
 Metaspace       used 72486K, capacity 75360K, committed 75648K, reserved 1114112K
  class space    used 9610K, capacity 10243K, committed 10368K, reserved 1048576K
}
Event: 36.810 GC heap before
{Heap before GC invocations=15 (full 3):
 PSYoungGen      total 410112K, used 410101K [0x00000000e0000000, 0x0000000100000000, 0x0000000100000000)
  eden space 371712K, 100% used [0x00000000e0000000,0x00000000f6b00000,0x00000000f6b00000)
  from space 38400K, 99% used [0x00000000f6b00000,0x00000000f907d538,0x00000000f9080000)
  to   space 52224K, 0% used [0x00000000fcd00000,0x00000000fcd00000,0x0000000100000000)
 ParOldGen       total 137728K, used 69595K [0x00000000a0000000, 0x00000000a8680000, 0x00000000e0000000)
  object space 137728K, 50% used [0x00000000a0000000,0x00000000a43f6f40,0x00000000a8680000)
 Metaspace       used 72725K, capacity 75636K, committed 75904K, reserved 1114112K
  class space    used 9640K, capacity 10277K, committed 10368K, reserved 1048576K
Event: 37.442 GC heap after
Heap after GC invocations=15 (full 3):
 PSYoungGen      total 405504K, used 52193K [0x00000000e0000000, 0x0000000100000000, 0x0000000100000000)
  eden space 353280K, 0% used [0x00000000e0000000,0x00000000e0000000,0x00000000f5900000)
  from space 52224K, 99% used [0x00000000fcd00000,0x00000000ffff8510,0x0000000100000000)
  to   space 85504K, 0% used [0x00000000f5900000,0x00000000f5900000,0x00000000fac80000)
 ParOldGen       total 137728K, used 137460K [0x00000000a0000000, 0x00000000a8680000, 0x00000000e0000000)
  object space 137728K, 99% used [0x00000000a0000000,0x00000000a863d298,0x00000000a8680000)
 Metaspace       used 72725K, capacity 75636K, committed 75904K, reserved 1114112K
  class space    used 9640K, capacity 10277K, committed 10368K, reserved 1048576K
}
Event: 37.465 GC heap before
{Heap before GC invocations=16 (full 4):
 PSYoungGen      total 405504K, used 52193K [0x00000000e0000000, 0x0000000100000000, 0x0000000100000000)
  eden space 353280K, 0% used [0x00000000e0000000,0x00000000e0000000,0x00000000f5900000)
  from space 52224K, 99% used [0x00000000fcd00000,0x00000000ffff8510,0x0000000100000000)
  to   space 85504K, 0% used [0x00000000f5900000,0x00000000f5900000,0x00000000fac80000)
 ParOldGen       total 137728K, used 137460K [0x00000000a0000000, 0x00000000a8680000, 0x00000000e0000000)
  object space 137728K, 99% used [0x00000000a0000000,0x00000000a863d298,0x00000000a8680000)
 Metaspace       used 72725K, capacity 75636K, committed 75904K, reserved 1114112K
  class space    used 9640K, capacity 10277K, committed 10368K, reserved 1048576K

